<?xml version="1.0" encoding="UTF-8"?>
<testsuite xmlns:xsi="http://www.w3.org/2001/XMLSchema-instance" xsi:noNamespaceSchemaLocation="https://maven.apache.org/surefire/maven-surefire-plugin/xsd/surefire-test-report-3.0.xsd" version="3.0" name="com.bdd.framework.mongo.DockerMongoDBIntegrationTest" time="5.629" tests="10" errors="0" skipped="0" failures="0">
  <properties>
[...]
</properties>
  <testcase name="testDockerConnection" classname="com.bdd.framework.mongo.DockerMongoDBIntegrationTest" time="0.033">
    <system-err><![CDATA[[main] INFO com.bdd.framework.mongo.DockerMongoDBIntegrationTest - Starting Docker MongoDB Integration Tests
Aug 08, 2025 5:29:05 PM com.framework.database.MongoDBConnection initializeConnection
INFO: Connecting to MongoDB Docker environment: DOCKER
Aug 08, 2025 5:29:05 PM com.framework.database.MongoDBConnection initializeConnection
INFO: Connection URI: mongodb://***:***@localhost:27017/testdb?authSource=admin
[main] INFO org.mongodb.driver.client - MongoClient with metadata {"driver": {"name": "mongo-java-driver|sync", "version": "4.11.1"}, "os": {"type": "Darwin", "name": "Mac OS X", "architecture": "aarch64", "version": "15.6"}, "platform": "Java/Homebrew/24.0.1"} created with settings MongoClientSettings{readPreference=primary, writeConcern=WriteConcern{w=null, wTimeout=null ms, journal=null}, retryWrites=true, retryReads=true, readConcern=ReadConcern{level=null}, credential=MongoCredential{mechanism=null, userName='admin', source='admin', password=<hidden>, mechanismProperties=<hidden>}, transportSettings=null, streamFactoryFactory=null, commandListeners=[], codecRegistry=ProvidersCodecRegistry{codecProviders=[ValueCodecProvider{}, BsonValueCodecProvider{}, DBRefCodecProvider{}, DBObjectCodecProvider{}, DocumentCodecProvider{}, CollectionCodecProvider{}, IterableCodecProvider{}, MapCodecProvider{}, GeoJsonCodecProvider{}, GridFSFileCodecProvider{}, Jsr310CodecProvider{}, JsonObjectCodecProvider{}, BsonCodecProvider{}, EnumCodecProvider{}, com.mongodb.client.model.mql.ExpressionCodecProvider@f80945f, com.mongodb.Jep395RecordCodecProvider@ff684e1, com.mongodb.KotlinCodecProvider@23aa363a]}, loggerSettings=LoggerSettings{maxDocumentLength=1000}, clusterSettings={hosts=[localhost:27017], srvServiceName=mongodb, mode=SINGLE, requiredClusterType=UNKNOWN, requiredReplicaSetName='null', serverSelector='null', clusterListeners='[]', serverSelectionTimeout='30000 ms', localThreshold='15 ms'}, socketSettings=SocketSettings{connectTimeoutMS=30000, readTimeoutMS=30000, receiveBufferSize=0, proxySettings=ProxySettings{host=null, port=null, username=null, password=null}}, heartbeatSocketSettings=SocketSettings{connectTimeoutMS=30000, readTimeoutMS=30000, receiveBufferSize=0, proxySettings=ProxySettings{host=null, port=null, username=null, password=null}}, connectionPoolSettings=ConnectionPoolSettings{maxSize=20, minSize=5, maxWaitTimeMS=120000, maxConnectionLifeTimeMS=1800000, maxConnectionIdleTimeMS=60000, maintenanceInitialDelayMS=0, maintenanceFrequencyMS=60000, connectionPoolListeners=[], maxConnecting=2}, serverSettings=ServerSettings{heartbeatFrequencyMS=10000, minHeartbeatFrequencyMS=500, serverListeners='[]', serverMonitorListeners='[]'}, sslSettings=SslSettings{enabled=false, invalidHostNameAllowed=false, context=null}, applicationName='null', compressorList=[], uuidRepresentation=UNSPECIFIED, serverApi=null, autoEncryptionSettings=null, dnsClient=null, inetAddressResolver=null, contextProvider=null}
[main] INFO org.mongodb.driver.cluster - No server chosen by ReadPreferenceServerSelector{readPreference=primary} from cluster description ClusterDescription{type=UNKNOWN, connectionMode=SINGLE, serverDescriptions=[ServerDescription{address=localhost:27017, type=UNKNOWN, state=CONNECTING}]}. Waiting for 30000 ms before timing out
[cluster-ClusterId{value='6895e689a788e769ce6bd35f', description='null'}-localhost:27017] INFO org.mongodb.driver.cluster - Monitor thread successfully connected to server with description ServerDescription{address=localhost:27017, type=STANDALONE, state=CONNECTED, ok=true, minWireVersion=0, maxWireVersion=21, maxDocumentSize=16777216, logicalSessionTimeoutMinutes=30, roundTripTimeNanos=8084000}
Aug 08, 2025 5:29:05 PM com.framework.database.MongoDBConnection testConnectionWithRetry
INFO: MongoDB connection test successful on attempt 1
Aug 08, 2025 5:29:05 PM com.framework.database.MongoDBConnection initializeConnection
INFO: Successfully connected to MongoDB Docker database: testdb
[main] INFO com.bdd.framework.mongo.DockerMongoDBIntegrationTest - Testing Docker MongoDB connection...
[main] INFO com.bdd.framework.mongo.DockerMongoDBIntegrationTest - ✅ Docker MongoDB connection test passed
]]></system-err>
  </testcase>
  <testcase name="testMongoDBEnvironment" classname="com.bdd.framework.mongo.DockerMongoDBIntegrationTest" time="0.003">
    <system-err><![CDATA[[main] INFO com.bdd.framework.mongo.DockerMongoDBIntegrationTest - Testing MongoDB Docker environment...
[main] INFO com.bdd.framework.mongo.DockerMongoDBIntegrationTest - Connection info: Environment: DOCKER, Database: testdb, URI: mongodb://***:***@localhost:27017/testdb?authSource=admin
[main] INFO com.bdd.framework.mongo.DockerMongoDBIntegrationTest - ✅ MongoDB environment test passed
]]></system-err>
  </testcase>
  <testcase name="testDatabaseOperations" classname="com.bdd.framework.mongo.DockerMongoDBIntegrationTest" time="0.041">
    <system-err><![CDATA[[main] INFO com.bdd.framework.mongo.DockerMongoDBIntegrationTest - Testing basic database operations...
[main] INFO com.bdd.framework.mongo.DockerMongoDBIntegrationTest - ✅ Database operations test passed
]]></system-err>
  </testcase>
  <testcase name="testMultipleDatabaseAccess" classname="com.bdd.framework.mongo.DockerMongoDBIntegrationTest" time="0.027">
    <system-err><![CDATA[[main] INFO com.bdd.framework.mongo.DockerMongoDBIntegrationTest - Testing multiple database access...
[main] INFO com.bdd.framework.mongo.DockerMongoDBIntegrationTest - ✅ Multiple database access test passed
]]></system-err>
  </testcase>
  <testcase name="testConnectionPoolPerformance" classname="com.bdd.framework.mongo.DockerMongoDBIntegrationTest" time="0.018">
    <system-err><![CDATA[[main] INFO com.bdd.framework.mongo.DockerMongoDBIntegrationTest - Testing connection pool performance...
[main] INFO com.bdd.framework.mongo.DockerMongoDBIntegrationTest - ✅ Performance test passed - Insert: 12ms, Count: 1ms
]]></system-err>
  </testcase>
  <testcase name="testBasicOperations" classname="com.bdd.framework.mongo.DockerMongoDBIntegrationTest" time="0.014">
    <system-err><![CDATA[[main] INFO com.bdd.framework.mongo.DockerMongoDBIntegrationTest - Testing MongoDB basic operations...
[main] INFO com.bdd.framework.mongo.DockerMongoDBIntegrationTest - ✅ Basic operations test passed
]]></system-err>
  </testcase>
  <testcase name="testIndexOperations" classname="com.bdd.framework.mongo.DockerMongoDBIntegrationTest" time="0.02">
    <system-err><![CDATA[[main] INFO com.bdd.framework.mongo.DockerMongoDBIntegrationTest - Testing MongoDB index operations...
[main] INFO com.bdd.framework.mongo.DockerMongoDBIntegrationTest - ✅ Index operations test passed
]]></system-err>
  </testcase>
  <testcase name="testAggregationPipeline" classname="com.bdd.framework.mongo.DockerMongoDBIntegrationTest" time="0.014">
    <system-err><![CDATA[[main] INFO com.bdd.framework.mongo.DockerMongoDBIntegrationTest - Testing MongoDB aggregation pipeline...
[main] INFO com.bdd.framework.mongo.DockerMongoDBIntegrationTest - ✅ Aggregation pipeline test passed
]]></system-err>
  </testcase>
  <testcase name="testConnectionResilience" classname="com.bdd.framework.mongo.DockerMongoDBIntegrationTest" time="0.154">
    <system-err><![CDATA[[main] INFO com.bdd.framework.mongo.DockerMongoDBIntegrationTest - Testing connection resilience...
[main] INFO com.bdd.framework.mongo.DockerMongoDBIntegrationTest - ✅ Connection resilience test passed
]]></system-err>
  </testcase>
  <testcase name="testCleanupAndVerification" classname="com.bdd.framework.mongo.DockerMongoDBIntegrationTest" time="0.029">
    <system-err><![CDATA[[main] INFO com.bdd.framework.mongo.DockerMongoDBIntegrationTest - Testing cleanup and final verification...
[main] INFO com.bdd.framework.mongo.DockerMongoDBIntegrationTest - Cleaned collection 'integration_test' with 1 documents
[main] INFO com.bdd.framework.mongo.DockerMongoDBIntegrationTest - Cleaned collection 'multi_db_test' with 1 documents
[main] INFO com.bdd.framework.mongo.DockerMongoDBIntegrationTest - Cleaned collection 'performance_test' with 100 documents
[main] INFO com.bdd.framework.mongo.DockerMongoDBIntegrationTest - Cleaned collection 'operation_test' with 2 documents
[main] INFO com.bdd.framework.mongo.DockerMongoDBIntegrationTest - Cleaned collection 'index_test' with 3 documents
[main] INFO com.bdd.framework.mongo.DockerMongoDBIntegrationTest - Cleaned collection 'aggregation_test' with 4 documents
[main] INFO com.bdd.framework.mongo.DockerMongoDBIntegrationTest - Cleaned collection 'resilience_test' with 10 documents
[main] INFO com.bdd.framework.mongo.DockerMongoDBIntegrationTest - ✅ Cleanup completed - 7 collections cleaned
[main] INFO com.bdd.framework.mongo.DockerMongoDBIntegrationTest - 🎉 All Docker MongoDB integration tests passed successfully!
]]></system-err>
  </testcase>
</testsuite>